[debug] [2026-02-23T20:50:15.060Z] [Firebase Plugin] Activating Firebase extension.
[info] [Firebase Plugin] Checked firebase-tools, is up to date!
[debug] [2026-02-23T20:50:30.590Z] [Firebase Plugin] requireAuthWrapper
[debug] [2026-02-23T20:50:30.597Z] > command requires scopes: ["email","openid","https://www.googleapis.com/auth/cloudplatformprojects.readonly","https://www.googleapis.com/auth/firebase","https://www.googleapis.com/auth/cloud-platform"]
[debug] [2026-02-23T20:50:30.598Z] > authorizing via signed-in user (justinefdeo@gmail.com)
[debug] [2026-02-23T20:50:30.604Z] Checked if tokens are valid: true, expires at: 1771880879502
[debug] [2026-02-23T20:50:30.604Z] Checked if tokens are valid: true, expires at: 1771880879502
[debug] [2026-02-23T20:50:30.605Z] [Firebase Plugin] User found:  justinefdeo@gmail.com
[info] [Firebase Plugin] (Core:Project) New user detected, fetching projects
[debug] [2026-02-23T20:50:30.610Z] Checked if tokens are valid: true, expires at: 1771880879502
[debug] [2026-02-23T20:50:30.612Z] >>> [apiv2][query] GET https://firebase.googleapis.com/v1beta1/projects pageSize=1000
[debug] [2026-02-23T20:50:30.635Z] [Firebase Plugin] VSCode notification server listening on port 40001
[info] [Firebase Plugin] Starting Data Connect toolkit (version 3.1.1) on port 50001
[debug] [2026-02-23T20:50:33.385Z] I0223 14:50:33.325263   18120 control.go:100] [/emulator/fitcast-app 5742] UpdateResources(): done
Main schema: sources: schema\schema.gql [2044B] 
Connector "example": sources: example\mutations.gql [1276B] example\queries.gql [1879B] 
 {"metadata":{"emulator":{"name":"dataconnect"},"message":"I0223 14:50:33.325263   18120 control.go:100] [/emulator/fitcast-app 5742] UpdateResources(): done\nMain schema: sources: schema\\schema.gql [2044B] \nConnector \"example\": sources: example\\mutations.gql [1276B] example\\queries.gql [1879B] \n"}}
[debug] [2026-02-23T20:50:33.387Z] Ignoring unsupported arg: auto_download {"metadata":{"emulator":{"name":"dataconnect"},"message":"Ignoring unsupported arg: auto_download"}}
[debug] [2026-02-23T20:50:33.388Z] Ignoring unsupported arg: port {"metadata":{"emulator":{"name":"dataconnect"},"message":"Ignoring unsupported arg: port"}}
[debug] [2026-02-23T20:50:33.389Z] Starting Data Connect Emulator with command {"binary":"C:\\Users\\justi\\.cache\\firebase\\emulators\\dataconnect-emulator-3.1.1.exe","args":["--logtostderr","-v=2","dev","--listen=localhost:50001","--config_dir=c:\\Users\\justi\\fitcast-app\\fitcast-app\\dataconnect","--enable_output_schema_extensions=true","--enable_output_generated_sdk=true"],"optionalArgs":["listen","config_dir","enable_output_schema_extensions","enable_output_generated_sdk"],"joinArgs":true,"shell":false,"port":9399} {"metadata":{"emulator":{"name":"dataconnect"},"message":"Starting Data Connect Emulator with command {\"binary\":\"C:\\\\Users\\\\justi\\\\.cache\\\\firebase\\\\emulators\\\\dataconnect-emulator-3.1.1.exe\",\"args\":[\"--logtostderr\",\"-v=2\",\"dev\",\"--listen=localhost:50001\",\"--config_dir=c:\\\\Users\\\\justi\\\\fitcast-app\\\\fitcast-app\\\\dataconnect\",\"--enable_output_schema_extensions=true\",\"--enable_output_generated_sdk=true\"],\"optionalArgs\":[\"listen\",\"config_dir\",\"enable_output_schema_extensions\",\"enable_output_generated_sdk\"],\"joinArgs\":true,\"shell\":false,\"port\":9399}"}}
[info] i  dataconnect: Data Connect Emulator logging to dataconnect-debug.log {"metadata":{"emulator":{"name":"dataconnect"},"message":"Data Connect Emulator logging to \u001b[1mdataconnect-debug.log\u001b[22m"}}
[debug] [2026-02-23T20:50:33.700Z] I0223 14:50:33.692258    7292 load.go:31] Reloading schema and connectors...
 {"metadata":{"emulator":{"name":"dataconnect"},"message":"I0223 14:50:33.692258    7292 load.go:31] Reloading schema and connectors...\n"}}
[debug] [2026-02-23T20:50:33.859Z] <<< [apiv2][status] GET https://firebase.googleapis.com/v1beta1/projects 200
[debug] [2026-02-23T20:50:33.861Z] <<< [apiv2][body] GET https://firebase.googleapis.com/v1beta1/projects [omitted]
[debug] [2026-02-23T20:50:34.088Z] I0223 14:50:34.073210    7292 control.go:100] [/emulator/fitcast-app 851b] UpdateResources(): done
Main schema: sources: schema\schema.gql [2044B] 
Connector "example": sources: example\mutations.gql [1276B] example\queries.gql [1879B] 
 {"metadata":{"emulator":{"name":"dataconnect"},"message":"I0223 14:50:34.073210    7292 control.go:100] [/emulator/fitcast-app 851b] UpdateResources(): done\nMain schema: sources: schema\\schema.gql [2044B] \nConnector \"example\": sources: example\\mutations.gql [1276B] example\\queries.gql [1879B] \n"}}
[debug] [2026-02-23T20:50:34.409Z] I0223 14:50:34.303336    7292 codegen.go:80] [connector "example" javascriptSdk] Generating sources into "c:\\Users\\justi\\fitcast-app\\fitcast-app\\src\\dataconnect-generated"
I0223 14:50:34.368180    7292 collector.go:107] schema extensions wrote into "c:\\Users\\justi\\fitcast-app\\fitcast-app\\dataconnect\\.dataconnect\\schema"
Generated sources: main\implicit.gql [1261B] main\input.gql [28173B] prelude.gql [73281B] main\relation.gql [14318B] main\query.gql [5099B] main\mutation.gql [13679B] 
I0223 14:50:34.389756    7292 collector.go:107] connector "example" javascriptSdk wrote into "c:\\Users\\justi\\fitcast-app\\fitcast-app\\src\\dataconnect-generated"
Generated sources: index.d.ts [8025B] react\index.d.ts [3961B] react\esm\package.json [17B] react\README.md [48299B] README.md [40931B] .guides/setup.md [1682B] .guides/config.json [236B] esm\index.esm.js [3561B] react\index.cjs.js [3439B] react\esm\index.esm.js [3269B] .guides/usage.md [3489B] esm\package.json [17B] index.cjs.js [4051B] package.json [863B] react\package.json [460B] 
 {"metadata":{"emulator":{"name":"dataconnect"},"message":"I0223 14:50:34.303336    7292 codegen.go:80] [connector \"example\" javascriptSdk] Generating sources into \"c:\\\\Users\\\\justi\\\\fitcast-app\\\\fitcast-app\\\\src\\\\dataconnect-generated\"\nI0223 14:50:34.368180    7292 collector.go:107] schema extensions wrote into \"c:\\\\Users\\\\justi\\\\fitcast-app\\\\fitcast-app\\\\dataconnect\\\\.dataconnect\\\\schema\"\nGenerated sources: main\\implicit.gql [1261B] main\\input.gql [28173B] prelude.gql [73281B] main\\relation.gql [14318B] main\\query.gql [5099B] main\\mutation.gql [13679B] \nI0223 14:50:34.389756    7292 collector.go:107] connector \"example\" javascriptSdk wrote into \"c:\\\\Users\\\\justi\\\\fitcast-app\\\\fitcast-app\\\\src\\\\dataconnect-generated\"\nGenerated sources: index.d.ts [8025B] react\\index.d.ts [3961B] react\\esm\\package.json [17B] react\\README.md [48299B] README.md [40931B] .guides/setup.md [1682B] .guides/config.json [236B] esm\\index.esm.js [3561B] react\\index.cjs.js [3439B] react\\esm\\index.esm.js [3269B] .guides/usage.md [3489B] esm\\package.json [17B] index.cjs.js [4051B] package.json [863B] react\\package.json [460B] \n"}}
[debug] [2026-02-23T20:50:35.430Z] I0223 14:50:35.417753    7292 installsdk.go:55] Package @dataconnect/generated is already installed. Skipping installation
 {"metadata":{"emulator":{"name":"dataconnect"},"message":"I0223 14:50:35.417753    7292 installsdk.go:55] Package @dataconnect/generated is already installed. Skipping installation\n"}}
[debug] [2026-02-23T20:50:35.469Z] I0223 14:50:35.432254    7292 load.go:109] Finished reloading
 {"metadata":{"emulator":{"name":"dataconnect"},"message":"I0223 14:50:35.432254    7292 load.go:109] Finished reloading\n"}}
[debug] [2026-02-23T20:50:35.899Z] I0223 14:50:35.898391    7292 dev.go:104] Listening on address (HTTP + gRPC): 127.0.0.1:50001
 {"metadata":{"emulator":{"name":"dataconnect"},"message":"I0223 14:50:35.898391    7292 dev.go:104] Listening on address (HTTP + gRPC): 127.0.0.1:50001\n"}}
[debug] [2026-02-23T20:50:37.794Z] I0223 14:50:37.748424    7292 engine.go:205] [/emulator/fitcast-app 851b] ExecuteGraphqlRead IntrospectionQuery: succeeded. 
 {"metadata":{"emulator":{"name":"dataconnect"},"message":"I0223 14:50:37.748424    7292 engine.go:205] [/emulator/fitcast-app 851b] ExecuteGraphqlRead IntrospectionQuery: succeeded. \n"}}
